<?xml version="1.0" encoding="UTF-8"?>
<!-- Generated by org.testng.reporters.JUnitXMLReporter -->
<testsuite ignored="0" hostname="uchitas-Air.attlocal.net" failures="1" tests="4" name="Test" time="131.493" errors="0" timestamp="2024-03-23T14:58:11 PDT">
  <testcase classname="UchitachoksiTesting.theScoreProject.theScoreApp" name="AppSetUp" time="20.788"/>
  <testcase classname="UchitachoksiTesting.theScoreProject.theScoreApp" name="LeagueSelection" time="37.148"/>
  <testcase classname="UchitachoksiTesting.theScoreProject.theScoreApp" name="TeamSelection" time="17.083"/>
  <testcase classname="UchitachoksiTesting.theScoreProject.theScoreApp" name="searchplayername" time="25.811">
    <failure type="org.openqa.selenium.NoSuchElementException" message="An element could not be located on the page using the given search parameters.
For documentation on this error, please visit: https://www.selenium.dev/documentation/webdriver/troubleshooting/errors#no-such-element-exception
Build info: version: &amp;apos;4.18.1&amp;apos;, revision: &amp;apos;b1d3319b48&amp;apos;
System info: os.name: &amp;apos;Mac OS X&amp;apos;, os.arch: &amp;apos;x86_64&amp;apos;, os.version: &amp;apos;10.16&amp;apos;, java.version: &amp;apos;15.0.2&amp;apos;
Driver info: io.appium.java_client.android.AndroidDriver
Command: [f07435a3-7336-4f93-b38e-cb55f1dbf507, findElement {using=accessibility id, value=Career}]
Capabilities {appium:app: //Users//uchita//eclipse-wo..., appium:appPackage: com.fivemobile.thescore, appium:automationName: UIAutomator2, appium:databaseEnabled: false, appium:desired: {app: //Users//uchita//eclipse-wo..., automationName: UIAutomator2, deviceName: SCOREAPPDEVICE, platformName: ANDROID}, appium:deviceApiLevel: 33, appium:deviceManufacturer: Google, appium:deviceModel: sdk_gphone_x86_64, appium:deviceName: emulator-5554, appium:deviceScreenDensity: 560, appium:deviceScreenSize: 1440x3120, appium:deviceUDID: emulator-5554, appium:javascriptEnabled: true, appium:locationContextEnabled: false, appium:networkConnectionEnabled: true, appium:pixelRatio: 3.5, appium:platformVersion: 13, appium:statBarHeight: 136, appium:takesScreenshot: true, appium:viewportRect: {height: 2764, left: 0, top: 136, width: 1440}, appium:warnings: {}, appium:webStorageEnabled: false, platformName: ANDROID}
Session ID: f07435a3-7336-4f93-b38e-cb55f1dbf507">
      <![CDATA[org.openqa.selenium.NoSuchElementException: An element could not be located on the page using the given search parameters.
For documentation on this error, please visit: https://www.selenium.dev/documentation/webdriver/troubleshooting/errors#no-such-element-exception
Build info: version: '4.18.1', revision: 'b1d3319b48'
System info: os.name: 'Mac OS X', os.arch: 'x86_64', os.version: '10.16', java.version: '15.0.2'
Driver info: io.appium.java_client.android.AndroidDriver
Command: [f07435a3-7336-4f93-b38e-cb55f1dbf507, findElement {using=accessibility id, value=Career}]
Capabilities {appium:app: //Users//uchita//eclipse-wo..., appium:appPackage: com.fivemobile.thescore, appium:automationName: UIAutomator2, appium:databaseEnabled: false, appium:desired: {app: //Users//uchita//eclipse-wo..., automationName: UIAutomator2, deviceName: SCOREAPPDEVICE, platformName: ANDROID}, appium:deviceApiLevel: 33, appium:deviceManufacturer: Google, appium:deviceModel: sdk_gphone_x86_64, appium:deviceName: emulator-5554, appium:deviceScreenDensity: 560, appium:deviceScreenSize: 1440x3120, appium:deviceUDID: emulator-5554, appium:javascriptEnabled: true, appium:locationContextEnabled: false, appium:networkConnectionEnabled: true, appium:pixelRatio: 3.5, appium:platformVersion: 13, appium:statBarHeight: 136, appium:takesScreenshot: true, appium:viewportRect: {height: 2764, left: 0, top: 136, width: 1440}, appium:warnings: {}, appium:webStorageEnabled: false, platformName: ANDROID}
Session ID: f07435a3-7336-4f93-b38e-cb55f1dbf507
at org.openqa.selenium.remote.ErrorCodec.decode(ErrorCodec.java:167)
at org.openqa.selenium.remote.codec.w3c.W3CHttpResponseCodec.decode(W3CHttpResponseCodec.java:138)
at org.openqa.selenium.remote.codec.w3c.W3CHttpResponseCodec.decode(W3CHttpResponseCodec.java:50)
at org.openqa.selenium.remote.HttpCommandExecutor.execute(HttpCommandExecutor.java:190)
at io.appium.java_client.remote.AppiumCommandExecutor.execute(AppiumCommandExecutor.java:237)
at org.openqa.selenium.remote.RemoteWebDriver.execute(RemoteWebDriver.java:519)
at org.openqa.selenium.remote.ElementLocation$ElementFinder$2.findElement(ElementLocation.java:165)
at org.openqa.selenium.remote.ElementLocation.findElement(ElementLocation.java:59)
at org.openqa.selenium.remote.RemoteWebDriver.findElement(RemoteWebDriver.java:356)
at org.openqa.selenium.remote.RemoteWebDriver.findElement(RemoteWebDriver.java:350)
at UchitachoksiTesting.theScoreProject.theScoreApp.searchplayername(theScoreApp.java:87)
at java.base/java.util.ArrayList.forEach(ArrayList.java:1511)
... Removed 32 stack frames]]>
    </failure>
  </testcase> <!-- searchplayername -->
</testsuite> <!-- Test -->
